<?xml version="1.0" encoding="UTF-8"?>
<Site BuildName="Linux-g++-9"
	BuildStamp="20200508-2011-Experimental"
	Name="MyLinux"
	Generator="ctest-3.16.3"
	CompilerName="/bin/g++-9"
	CompilerVersion="9.3.0"
	OSName="Linux"
	Hostname="MyLinux"
	OSRelease="5.4.0-29-generic"
	OSVersion="#33-Ubuntu SMP Wed Apr 29 14:32:27 UTC 2020"
	OSPlatform="x86_64"
	Is64Bits="1"
	VendorString="GenuineIntel"
	VendorID="Intel Corporation"
	FamilyID="6"
	ModelID="158"
	ProcessorCacheSize="8192"
	NumberOfLogicalCPU="8"
	NumberOfPhysicalCPU="4"
	TotalVirtualMemory="2047"
	TotalPhysicalMemory="19872"
	LogicalProcessorsPerPhysical="2"
	ProcessorClockFrequency="981.833"
	>
	<Testing>
		<StartDateTime>May 08 22:11 CEST</StartDateTime>
		<StartTestTime>1588968661</StartTestTime>
		<TestList/>
		<EndDateTime>May 08 22:11 CEST</EndDateTime>
		<EndTestTime>1588968661</EndTestTime>
		<ElapsedMinutes>0</ElapsedMinutes>
	</Testing>
</Site>
